/Users/shaynavinoth/Downloads/AWS-Amplify-Code-updated/venv/lib/python3.9/site-packages/urllib3/__init__.py:35: NotOpenSSLWarning: urllib3 v2 only supports OpenSSL 1.1.1+, currently the 'ssl' module is compiled with 'LibreSSL 2.8.3'. See: https://github.com/urllib3/urllib3/issues/3020
  warnings.warn(
/Users/shaynavinoth/Downloads/AWS-Amplify-Code-updated/venv/lib/python3.9/site-packages/google/api_core/_python_version_support.py:252: FutureWarning: You are using a Python version (3.9.6) past its end of life. Google will update google.api_core with critical bug fixes on a best-effort basis, but not with any other fixes or features. Please upgrade to the latest Python version, or at least Python 3.10, and then update google.api_core.
  warnings.warn(message, FutureWarning)
An error occurred: module 'importlib.metadata' has no attribute 'packages_distributions'
GitHub Analyzer API starting...
Make sure GOOGLE_API_KEY is set in your .env file for AI summaries
 * Serving Flask app 'api'
 * Debug mode: on
[31m[1mWARNING: This is a development server. Do not use it in a production deployment. Use a production WSGI server instead.[0m
 * Running on http://127.0.0.1:5000
[33mPress CTRL+C to quit[0m
 * Restarting with stat
/Users/shaynavinoth/Downloads/AWS-Amplify-Code-updated/venv/lib/python3.9/site-packages/urllib3/__init__.py:35: NotOpenSSLWarning: urllib3 v2 only supports OpenSSL 1.1.1+, currently the 'ssl' module is compiled with 'LibreSSL 2.8.3'. See: https://github.com/urllib3/urllib3/issues/3020
  warnings.warn(
/Users/shaynavinoth/Downloads/AWS-Amplify-Code-updated/venv/lib/python3.9/site-packages/google/api_core/_python_version_support.py:252: FutureWarning: You are using a Python version (3.9.6) past its end of life. Google will update google.api_core with critical bug fixes on a best-effort basis, but not with any other fixes or features. Please upgrade to the latest Python version, or at least Python 3.10, and then update google.api_core.
  warnings.warn(message, FutureWarning)
 * Debugger is active!
 * Debugger PIN: 938-062-796
127.0.0.1 - - [10/Nov/2025 00:06:23] "OPTIONS /analyze HTTP/1.1" 200 -
127.0.0.1 - - [10/Nov/2025 00:06:33] "POST /analyze HTTP/1.1" 200 -
/Library/Developer/CommandLineTools/Library/Frameworks/Python3.framework/Versions/3.9/lib/python3.9/multiprocessing/resource_tracker.py:216: UserWarning: resource_tracker: There appear to be 1 leaked semaphore objects to clean up at shutdown
  warnings.warn('resource_tracker: There appear to be %d '
/Library/Developer/CommandLineTools/Library/Frameworks/Python3.framework/Versions/3.9/lib/python3.9/multiprocessing/resource_tracker.py:216: UserWarning: resource_tracker: There appear to be 1 leaked semaphore objects to clean up at shutdown
  warnings.warn('resource_tracker: There appear to be %d '
